  Globaltimezone.cpp
C:\Users\hama\source\repos\Globaltimezone\Globaltimezone\Globaltimezone.cpp(25,28): warning C4244: '=': conversion from 'double' to 'int', possible loss of data
C:\Users\hama\source\repos\Globaltimezone\Globaltimezone\Globaltimezone.cpp(63,9): error C4996: 'localtime': This function or variable may be unsafe. Consider using localtime_s instead. To disable deprecation, use _CRT_SECURE_NO_WARNINGS. See online help for details.
C:\Users\hama\source\repos\Globaltimezone\Globaltimezone\Globaltimezone.cpp(83,64): error C4996: 'localtime': This function or variable may be unsafe. Consider using localtime_s instead. To disable deprecation, use _CRT_SECURE_NO_WARNINGS. See online help for details.
C:\Program Files\Microsoft Visual Studio\2022\Community\VC\Tools\MSVC\14.39.33519\include\utility(250,16): warning C4267: 'initializing': conversion from 'size_t' to '_Ty1', possible loss of data
C:\Program Files\Microsoft Visual Studio\2022\Community\VC\Tools\MSVC\14.39.33519\include\utility(250,16): warning C4267:         with
C:\Program Files\Microsoft Visual Studio\2022\Community\VC\Tools\MSVC\14.39.33519\include\utility(250,16): warning C4267:         [
C:\Program Files\Microsoft Visual Studio\2022\Community\VC\Tools\MSVC\14.39.33519\include\utility(250,16): warning C4267:             _Ty1=int
C:\Program Files\Microsoft Visual Studio\2022\Community\VC\Tools\MSVC\14.39.33519\include\utility(250,16): warning C4267:         ]
  (compiling source file 'Globaltimezone.cpp')
  C:\Program Files\Microsoft Visual Studio\2022\Community\VC\Tools\MSVC\14.39.33519\include\utility(250,16):
  the template instantiation context (the oldest one first) is
  	C:\Users\hama\source\repos\Globaltimezone\Globaltimezone\Globaltimezone.cpp(182,45):
  	see reference to function template instantiation 'std::pair<int,std::string>::pair<unsigned __int64,std::string&,0>(_Other1 &&,_Other2) noexcept(false)' being compiled
          with
          [
              _Other1=unsigned __int64,
              _Other2=std::string &
          ]
  		C:\Users\hama\source\repos\Globaltimezone\Globaltimezone\Globaltimezone.cpp(182,27):
  		see the first reference to 'std::pair<int,std::string>::pair' in 'Globaltimezone::addFavTimeZ'
  
